Name                    Stmts   Miss  Cover   Missing
-----------------------------------------------------
src/gnc/__init__.py         8      0   100%
src/gnc/actuators.py       30      0   100%
src/gnc/control.py         19      0   100%
src/gnc/dynamics.py        62      0   100%
src/gnc/estimation.py      18      0   100%
src/gnc/guidance.py        12      0   100%
src/gnc/math_utils.py      60      0   100%
src/gnc/sensors.py         34      0   100%
src/gnc/simulation.py      90      0   100%
-----------------------------------------------------
TOTAL                     333      0   100%
